<?xml version="1.0" encoding="UTF-8"?>
<!-- Generated by org.testng.reporters.JUnitReportReporter -->
<testsuite hostname="Keya" name="runway.moda.automation.web.DesignerB2CLogin" tests="1" failures="0" timestamp="19 Sep 2016 05:37:18 GMT" time="24.177" errors="0">
  <testcase name="designerLogin" time="24.177" classname="runway.moda.automation.web.DesignerB2CLogin"/>
</testsuite> <!-- runway.moda.automation.web.DesignerB2CLogin -->
