<?xml version="1.0" encoding="UTF-8"?>
<!-- Generated by org.testng.reporters.JUnitReportReporter -->
<testsuite hostname="Keya" name="shop.moda.automation.web.CustomerSignUp" tests="1" failures="0" timestamp="3 Oct 2016 06:08:59 GMT" time="20.943" errors="0">
  <testcase name="customerSignUp" time="20.943" classname="shop.moda.automation.web.CustomerSignUp"/>
</testsuite> <!-- CustomerSignUp -->
